Build started 12/11/2016 4:29:18 PM.
     1>Project "C:\school\cs4600\PS7\Hw5\005-Raytracing.vcxproj" on node 2 (Build target(s)).
     1>ClCompile:
         C:\Program Files (x86)\Microsoft Visual Studio 12.0\VC\bin\x86_amd64\CL.exe /c /Iext\Eigen /Zi /nologo /W3 /WX- /sdl /Od /D _MBCS /D _MBCS /D _CRT_SECURE_NO_WARNINGS /Gm /EHsc /RTC1 /MDd /GS /fp:precise /Zc:wchar_t /Zc:forScope /Fo"x64\Debug\\" /Fd"x64\Debug\vc120.pdb" /Gd /TP /errorReport:prompt main.cpp
         main.cpp
     1>main.cpp(70): warning C4244: 'argument' : conversion from 'double' to 'const float', possible loss of data
     1>main.cpp(63): warning C4101: 'difColor' : unreferenced local variable
     1>main.cpp(259): warning C4102: 'deflaut' : unreferenced label
     1>main.cpp(120): warning C4101: 't0Posintersect' : unreferenced local variable
     1>main.cpp(125): warning C4101: 'cne' : unreferenced local variable
     1>main.cpp(335): warning C4244: 'initializing' : conversion from 'double' to 'float', possible loss of data
     1>main.cpp(373): warning C4305: 'argument' : truncation from 'double' to 'const float'
     1>main.cpp(374): warning C4305: 'argument' : truncation from 'double' to 'const float'
     1>main.cpp(375): warning C4305: 'argument' : truncation from 'double' to 'const float'
     1>main.cpp(376): warning C4305: 'argument' : truncation from 'double' to 'const float'
       Link:
         C:\Program Files (x86)\Microsoft Visual Studio 12.0\VC\bin\x86_amd64\link.exe /ERRORREPORT:PROMPT /OUT:"C:\school\cs4600\PS7\Hw5\x64\Debug\005-Raytracing.exe" /INCREMENTAL /NOLOGO kernel32.lib user32.lib gdi32.lib winspool.lib comdlg32.lib advapi32.lib shell32.lib ole32.lib oleaut32.lib uuid.lib odbc32.lib odbccp32.lib /MANIFEST /MANIFESTUAC:"level='asInvoker' uiAccess='false'" /manifest:embed /DEBUG /PDB:"C:\school\cs4600\PS7\Hw5\x64\Debug\005-Raytracing.pdb" /TLBID:1 /DYNAMICBASE /NXCOMPAT /IMPLIB:"C:\school\cs4600\PS7\Hw5\x64\Debug\005-Raytracing.lib" /MACHINE:X64 x64\Debug\main.obj
         005-Raytracing.vcxproj -> C:\school\cs4600\PS7\Hw5\x64\Debug\005-Raytracing.exe
     1>Done Building Project "C:\school\cs4600\PS7\Hw5\005-Raytracing.vcxproj" (Build target(s)).

Build succeeded.

Time Elapsed 00:00:01.85
